<?xml version="1.0" encoding="UTF-8"?>
<testsuite name="base.Lab11Test" tests="100" skipped="0" failures="0" errors="0" timestamp="2024-11-18T12:40:42" hostname="Nagatos-MacBook-Pro.local" time="0.226">
  <properties/>
  <testcase name="repetition 1 of 50" classname="base.Lab11Test" time="0.013"/>
  <testcase name="repetition 2 of 50" classname="base.Lab11Test" time="0.002"/>
  <testcase name="repetition 3 of 50" classname="base.Lab11Test" time="0.002"/>
  <testcase name="repetition 4 of 50" classname="base.Lab11Test" time="0.002"/>
  <testcase name="repetition 5 of 50" classname="base.Lab11Test" time="0.002"/>
  <testcase name="repetition 6 of 50" classname="base.Lab11Test" time="0.002"/>
  <testcase name="repetition 7 of 50" classname="base.Lab11Test" time="0.002"/>
  <testcase name="repetition 8 of 50" classname="base.Lab11Test" time="0.002"/>
  <testcase name="repetition 9 of 50" classname="base.Lab11Test" time="0.002"/>
  <testcase name="repetition 10 of 50" classname="base.Lab11Test" time="0.002"/>
  <testcase name="repetition 11 of 50" classname="base.Lab11Test" time="0.001"/>
  <testcase name="repetition 12 of 50" classname="base.Lab11Test" time="0.002"/>
  <testcase name="repetition 13 of 50" classname="base.Lab11Test" time="0.002"/>
  <testcase name="repetition 14 of 50" classname="base.Lab11Test" time="0.002"/>
  <testcase name="repetition 15 of 50" classname="base.Lab11Test" time="0.002"/>
  <testcase name="repetition 16 of 50" classname="base.Lab11Test" time="0.002"/>
  <testcase name="repetition 17 of 50" classname="base.Lab11Test" time="0.002"/>
  <testcase name="repetition 18 of 50" classname="base.Lab11Test" time="0.001"/>
  <testcase name="repetition 19 of 50" classname="base.Lab11Test" time="0.001"/>
  <testcase name="repetition 20 of 50" classname="base.Lab11Test" time="0.002"/>
  <testcase name="repetition 21 of 50" classname="base.Lab11Test" time="0.002"/>
  <testcase name="repetition 22 of 50" classname="base.Lab11Test" time="0.001"/>
  <testcase name="repetition 23 of 50" classname="base.Lab11Test" time="0.002"/>
  <testcase name="repetition 24 of 50" classname="base.Lab11Test" time="0.002"/>
  <testcase name="repetition 25 of 50" classname="base.Lab11Test" time="0.002"/>
  <testcase name="repetition 26 of 50" classname="base.Lab11Test" time="0.002"/>
  <testcase name="repetition 27 of 50" classname="base.Lab11Test" time="0.002"/>
  <testcase name="repetition 28 of 50" classname="base.Lab11Test" time="0.002"/>
  <testcase name="repetition 29 of 50" classname="base.Lab11Test" time="0.002"/>
  <testcase name="repetition 30 of 50" classname="base.Lab11Test" time="0.001"/>
  <testcase name="repetition 31 of 50" classname="base.Lab11Test" time="0.001"/>
  <testcase name="repetition 32 of 50" classname="base.Lab11Test" time="0.002"/>
  <testcase name="repetition 33 of 50" classname="base.Lab11Test" time="0.002"/>
  <testcase name="repetition 34 of 50" classname="base.Lab11Test" time="0.002"/>
  <testcase name="repetition 35 of 50" classname="base.Lab11Test" time="0.002"/>
  <testcase name="repetition 36 of 50" classname="base.Lab11Test" time="0.002"/>
  <testcase name="repetition 37 of 50" classname="base.Lab11Test" time="0.002"/>
  <testcase name="repetition 38 of 50" classname="base.Lab11Test" time="0.002"/>
  <testcase name="repetition 39 of 50" classname="base.Lab11Test" time="0.001"/>
  <testcase name="repetition 40 of 50" classname="base.Lab11Test" time="0.001"/>
  <testcase name="repetition 41 of 50" classname="base.Lab11Test" time="0.002"/>
  <testcase name="repetition 42 of 50" classname="base.Lab11Test" time="0.002"/>
  <testcase name="repetition 43 of 50" classname="base.Lab11Test" time="0.002"/>
  <testcase name="repetition 44 of 50" classname="base.Lab11Test" time="0.002"/>
  <testcase name="repetition 45 of 50" classname="base.Lab11Test" time="0.002"/>
  <testcase name="repetition 46 of 50" classname="base.Lab11Test" time="0.002"/>
  <testcase name="repetition 47 of 50" classname="base.Lab11Test" time="0.002"/>
  <testcase name="repetition 48 of 50" classname="base.Lab11Test" time="0.001"/>
  <testcase name="repetition 49 of 50" classname="base.Lab11Test" time="0.001"/>
  <testcase name="repetition 50 of 50" classname="base.Lab11Test" time="0.001"/>
  <testcase name="repetition 1 of 50" classname="base.Lab11Test" time="0.002"/>
  <testcase name="repetition 2 of 50" classname="base.Lab11Test" time="0.001"/>
  <testcase name="repetition 3 of 50" classname="base.Lab11Test" time="0.002"/>
  <testcase name="repetition 4 of 50" classname="base.Lab11Test" time="0.002"/>
  <testcase name="repetition 5 of 50" classname="base.Lab11Test" time="0.002"/>
  <testcase name="repetition 6 of 50" classname="base.Lab11Test" time="0.002"/>
  <testcase name="repetition 7 of 50" classname="base.Lab11Test" time="0.002"/>
  <testcase name="repetition 8 of 50" classname="base.Lab11Test" time="0.001"/>
  <testcase name="repetition 9 of 50" classname="base.Lab11Test" time="0.001"/>
  <testcase name="repetition 10 of 50" classname="base.Lab11Test" time="0.002"/>
  <testcase name="repetition 11 of 50" classname="base.Lab11Test" time="0.002"/>
  <testcase name="repetition 12 of 50" classname="base.Lab11Test" time="0.002"/>
  <testcase name="repetition 13 of 50" classname="base.Lab11Test" time="0.002"/>
  <testcase name="repetition 14 of 50" classname="base.Lab11Test" time="0.002"/>
  <testcase name="repetition 15 of 50" classname="base.Lab11Test" time="0.002"/>
  <testcase name="repetition 16 of 50" classname="base.Lab11Test" time="0.002"/>
  <testcase name="repetition 17 of 50" classname="base.Lab11Test" time="0.002"/>
  <testcase name="repetition 18 of 50" classname="base.Lab11Test" time="0.001"/>
  <testcase name="repetition 19 of 50" classname="base.Lab11Test" time="0.001"/>
  <testcase name="repetition 20 of 50" classname="base.Lab11Test" time="0.001"/>
  <testcase name="repetition 21 of 50" classname="base.Lab11Test" time="0.001"/>
  <testcase name="repetition 22 of 50" classname="base.Lab11Test" time="0.001"/>
  <testcase name="repetition 23 of 50" classname="base.Lab11Test" time="0.002"/>
  <testcase name="repetition 24 of 50" classname="base.Lab11Test" time="0.002"/>
  <testcase name="repetition 25 of 50" classname="base.Lab11Test" time="0.002"/>
  <testcase name="repetition 26 of 50" classname="base.Lab11Test" time="0.001"/>
  <testcase name="repetition 27 of 50" classname="base.Lab11Test" time="0.001"/>
  <testcase name="repetition 28 of 50" classname="base.Lab11Test" time="0.001"/>
  <testcase name="repetition 29 of 50" classname="base.Lab11Test" time="0.001"/>
  <testcase name="repetition 30 of 50" classname="base.Lab11Test" time="0.001"/>
  <testcase name="repetition 31 of 50" classname="base.Lab11Test" time="0.002"/>
  <testcase name="repetition 32 of 50" classname="base.Lab11Test" time="0.002"/>
  <testcase name="repetition 33 of 50" classname="base.Lab11Test" time="0.002"/>
  <testcase name="repetition 34 of 50" classname="base.Lab11Test" time="0.002"/>
  <testcase name="repetition 35 of 50" classname="base.Lab11Test" time="0.001"/>
  <testcase name="repetition 36 of 50" classname="base.Lab11Test" time="0.001"/>
  <testcase name="repetition 37 of 50" classname="base.Lab11Test" time="0.001"/>
  <testcase name="repetition 38 of 50" classname="base.Lab11Test" time="0.001"/>
  <testcase name="repetition 39 of 50" classname="base.Lab11Test" time="0.001"/>
  <testcase name="repetition 40 of 50" classname="base.Lab11Test" time="0.002"/>
  <testcase name="repetition 41 of 50" classname="base.Lab11Test" time="0.002"/>
  <testcase name="repetition 42 of 50" classname="base.Lab11Test" time="0.002"/>
  <testcase name="repetition 43 of 50" classname="base.Lab11Test" time="0.002"/>
  <testcase name="repetition 44 of 50" classname="base.Lab11Test" time="0.001"/>
  <testcase name="repetition 45 of 50" classname="base.Lab11Test" time="0.001"/>
  <testcase name="repetition 46 of 50" classname="base.Lab11Test" time="0.001"/>
  <testcase name="repetition 47 of 50" classname="base.Lab11Test" time="0.001"/>
  <testcase name="repetition 48 of 50" classname="base.Lab11Test" time="0.001"/>
  <testcase name="repetition 49 of 50" classname="base.Lab11Test" time="0.002"/>
  <testcase name="repetition 50 of 50" classname="base.Lab11Test" time="0.002"/>
  <system-out><![CDATA[]]></system-out>
  <system-err><![CDATA[]]></system-err>
</testsuite>
