<?xml version="1.0" encoding="UTF-8"?>
<testsuite name="base.Lab10Test" tests="6" skipped="0" failures="0" errors="0" timestamp="2024-11-11T11:47:59" hostname="Nagatos-MacBook-Pro.local" time="7.064">
  <properties/>
  <testcase name="testAddListenerAndEmitEvent()" classname="base.Lab10Test" time="0.012"/>
  <testcase name="testTimeTicking()" classname="base.Lab10Test" time="6.531"/>
  <testcase name="testMultipleListeners()" classname="base.Lab10Test" time="0.003"/>
  <testcase name="testMultipleEvents()" classname="base.Lab10Test" time="0.002"/>
  <testcase name="testRemoveListenerAndEmitEvent()" classname="base.Lab10Test" time="0.002"/>
  <testcase name="testAddListener()" classname="base.Lab10Test" time="0.508"/>
  <system-out><![CDATA[]]></system-out>
  <system-err><![CDATA[]]></system-err>
</testsuite>
