<?xml version="1.0" encoding="UTF-8"?>
<testsuite name="base.Lab9Test" tests="4" skipped="0" failures="0" errors="0" timestamp="2024-11-04T07:42:16" hostname="Nagatos-MacBook-Pro.local" time="0.013">
  <properties/>
  <testcase name="test1()" classname="base.Lab9Test" time="0.008"/>
  <testcase name="test2()" classname="base.Lab9Test" time="0.0"/>
  <testcase name="test3()" classname="base.Lab9Test" time="0.001"/>
  <testcase name="test4()" classname="base.Lab9Test" time="0.001"/>
  <system-out><![CDATA[]]></system-out>
  <system-err><![CDATA[]]></system-err>
</testsuite>
